<?xml version="1.0" encoding="UTF-8"?>
<testsuite xmlns:xsi="http://www.w3.org/2001/XMLSchema-instance" xsi:noNamespaceSchemaLocation="https://maven.apache.org/surefire/maven-surefire-plugin/xsd/surefire-test-report-3.0.xsd" version="3.0" name="TestSuite" time="23.963" tests="9" errors="0" skipped="0" failures="0">
  <properties>
    <property name="java.specification.version" value="17"/>
    <property name="sun.jnu.encoding" value="UTF-8"/>
    <property name="java.class.path" value="/Users/reinhart/Documents/eyos-rest-api-test/target/test-classes:/Users/reinhart/Documents/eyos-rest-api-test/target/classes:/Users/reinhart/.m2/repository/org/testng/testng/6.14.3/testng-6.14.3.jar:/Users/reinhart/.m2/repository/com/beust/jcommander/1.72/jcommander-1.72.jar:/Users/reinhart/.m2/repository/org/apache-extras/beanshell/bsh/2.0b6/bsh-2.0b6.jar:/Users/reinhart/.m2/repository/io/rest-assured/rest-assured/5.3.0/rest-assured-5.3.0.jar:/Users/reinhart/.m2/repository/org/apache/groovy/groovy/4.0.6/groovy-4.0.6.jar:/Users/reinhart/.m2/repository/org/apache/groovy/groovy-xml/4.0.6/groovy-xml-4.0.6.jar:/Users/reinhart/.m2/repository/org/apache/httpcomponents/httpclient/4.5.13/httpclient-4.5.13.jar:/Users/reinhart/.m2/repository/org/apache/httpcomponents/httpcore/4.4.13/httpcore-4.4.13.jar:/Users/reinhart/.m2/repository/commons-logging/commons-logging/1.2/commons-logging-1.2.jar:/Users/reinhart/.m2/repository/commons-codec/commons-codec/1.11/commons-codec-1.11.jar:/Users/reinhart/.m2/repository/org/apache/httpcomponents/httpmime/4.5.13/httpmime-4.5.13.jar:/Users/reinhart/.m2/repository/org/hamcrest/hamcrest/2.1/hamcrest-2.1.jar:/Users/reinhart/.m2/repository/org/ccil/cowan/tagsoup/tagsoup/1.2.1/tagsoup-1.2.1.jar:/Users/reinhart/.m2/repository/io/rest-assured/json-path/5.3.0/json-path-5.3.0.jar:/Users/reinhart/.m2/repository/org/apache/groovy/groovy-json/4.0.6/groovy-json-4.0.6.jar:/Users/reinhart/.m2/repository/io/rest-assured/rest-assured-common/5.3.0/rest-assured-common-5.3.0.jar:/Users/reinhart/.m2/repository/io/rest-assured/xml-path/5.3.0/xml-path-5.3.0.jar:/Users/reinhart/.m2/repository/org/apache/commons/commons-lang3/3.11/commons-lang3-3.11.jar:"/>
    <property name="java.vm.vendor" value="Oracle Corporation"/>
    <property name="sun.arch.data.model" value="64"/>
    <property name="java.vendor.url" value="https://java.oracle.com/"/>
    <property name="user.timezone" value="Asia/Jakarta"/>
    <property name="os.name" value="Mac OS X"/>
    <property name="java.vm.specification.version" value="17"/>
    <property name="sun.java.launcher" value="SUN_STANDARD"/>
    <property name="user.country" value="ID"/>
    <property name="sun.boot.library.path" value="/Library/Java/JavaVirtualMachines/jdk-17.0.2.jdk/Contents/Home/lib"/>
    <property name="sun.java.command" value="/Users/reinhart/Documents/eyos-rest-api-test/target/surefire/surefirebooter5433575236367868876.jar /Users/reinhart/Documents/eyos-rest-api-test/target/surefire 2023-04-10T19-20-56_719-jvmRun1 surefire2792467616517960437tmp surefire_08865867326662770304tmp"/>
    <property name="http.nonProxyHosts" value="local|*.local|169.254/16|*.169.254/16"/>
    <property name="jdk.debug" value="release"/>
    <property name="surefire.test.class.path" value="/Users/reinhart/Documents/eyos-rest-api-test/target/test-classes:/Users/reinhart/Documents/eyos-rest-api-test/target/classes:/Users/reinhart/.m2/repository/org/testng/testng/6.14.3/testng-6.14.3.jar:/Users/reinhart/.m2/repository/com/beust/jcommander/1.72/jcommander-1.72.jar:/Users/reinhart/.m2/repository/org/apache-extras/beanshell/bsh/2.0b6/bsh-2.0b6.jar:/Users/reinhart/.m2/repository/io/rest-assured/rest-assured/5.3.0/rest-assured-5.3.0.jar:/Users/reinhart/.m2/repository/org/apache/groovy/groovy/4.0.6/groovy-4.0.6.jar:/Users/reinhart/.m2/repository/org/apache/groovy/groovy-xml/4.0.6/groovy-xml-4.0.6.jar:/Users/reinhart/.m2/repository/org/apache/httpcomponents/httpclient/4.5.13/httpclient-4.5.13.jar:/Users/reinhart/.m2/repository/org/apache/httpcomponents/httpcore/4.4.13/httpcore-4.4.13.jar:/Users/reinhart/.m2/repository/commons-logging/commons-logging/1.2/commons-logging-1.2.jar:/Users/reinhart/.m2/repository/commons-codec/commons-codec/1.11/commons-codec-1.11.jar:/Users/reinhart/.m2/repository/org/apache/httpcomponents/httpmime/4.5.13/httpmime-4.5.13.jar:/Users/reinhart/.m2/repository/org/hamcrest/hamcrest/2.1/hamcrest-2.1.jar:/Users/reinhart/.m2/repository/org/ccil/cowan/tagsoup/tagsoup/1.2.1/tagsoup-1.2.1.jar:/Users/reinhart/.m2/repository/io/rest-assured/json-path/5.3.0/json-path-5.3.0.jar:/Users/reinhart/.m2/repository/org/apache/groovy/groovy-json/4.0.6/groovy-json-4.0.6.jar:/Users/reinhart/.m2/repository/io/rest-assured/rest-assured-common/5.3.0/rest-assured-common-5.3.0.jar:/Users/reinhart/.m2/repository/io/rest-assured/xml-path/5.3.0/xml-path-5.3.0.jar:/Users/reinhart/.m2/repository/org/apache/commons/commons-lang3/3.11/commons-lang3-3.11.jar:"/>
    <property name="sun.cpu.endian" value="little"/>
    <property name="user.home" value="/Users/reinhart"/>
    <property name="user.language" value="en"/>
    <property name="java.specification.vendor" value="Oracle Corporation"/>
    <property name="java.version.date" value="2022-01-18"/>
    <property name="java.home" value="/Library/Java/JavaVirtualMachines/jdk-17.0.2.jdk/Contents/Home"/>
    <property name="file.separator" value="/"/>
    <property name="basedir" value="/Users/reinhart/Documents/eyos-rest-api-test"/>
    <property name="java.vm.compressedOopsMode" value="Zero based"/>
    <property name="line.separator" value="&#10;"/>
    <property name="java.specification.name" value="Java Platform API Specification"/>
    <property name="java.vm.specification.vendor" value="Oracle Corporation"/>
    <property name="surefire.real.class.path" value="/Users/reinhart/Documents/eyos-rest-api-test/target/surefire/surefirebooter5433575236367868876.jar"/>
    <property name="sun.management.compiler" value="HotSpot 64-Bit Tiered Compilers"/>
    <property name="ftp.nonProxyHosts" value="local|*.local|169.254/16|*.169.254/16"/>
    <property name="java.runtime.version" value="17.0.2+8-LTS-86"/>
    <property name="user.name" value="reinhart"/>
    <property name="path.separator" value=":"/>
    <property name="os.version" value="12.4"/>
    <property name="java.runtime.name" value="Java(TM) SE Runtime Environment"/>
    <property name="file.encoding" value="UTF-8"/>
    <property name="java.vm.name" value="Java HotSpot(TM) 64-Bit Server VM"/>
    <property name="localRepository" value="/Users/reinhart/.m2/repository"/>
    <property name="java.vendor.url.bug" value="https://bugreport.java.com/bugreport/"/>
    <property name="java.io.tmpdir" value="/var/folders/fn/8kvt1q8n25lfp_crn146wkvc0000gn/T/"/>
    <property name="java.version" value="17.0.2"/>
    <property name="user.dir" value="/Users/reinhart/Documents/eyos-rest-api-test"/>
    <property name="os.arch" value="aarch64"/>
    <property name="java.vm.specification.name" value="Java Virtual Machine Specification"/>
    <property name="native.encoding" value="UTF-8"/>
    <property name="java.library.path" value="/Users/reinhart/Library/Java/Extensions:/Library/Java/Extensions:/Network/Library/Java/Extensions:/System/Library/Java/Extensions:/usr/lib/java:."/>
    <property name="java.vm.info" value="mixed mode, sharing"/>
    <property name="java.vendor" value="Oracle Corporation"/>
    <property name="java.vm.version" value="17.0.2+8-LTS-86"/>
    <property name="sun.io.unicode.encoding" value="UnicodeBig"/>
    <property name="socksNonProxyHosts" value="local|*.local|169.254/16|*.169.254/16"/>
    <property name="java.class.version" value="61.0"/>
  </properties>
  <testcase name="positiveTesttastyAPIAutoComplete" classname="APITesting" time="3.114">
    <system-out><![CDATA[[TestNGContentHandler] [WARN] It is strongly recommended to add "<!DOCTYPE suite SYSTEM "http://testng.org/testng-1.0.dtd" >" at the top of your file, otherwise TestNG may fail or not work as expected.
]]></system-out>
  </testcase>
  <testcase name="negativeTestTastyAPIAutoCompleteWrongParam" classname="APITesting" time="1.135"/>
  <testcase name="negativeTestTastyAPIAutoCompleteHoHeaderKey" classname="APITesting" time="0.604"/>
  <testcase name="positiveTestTastyAPIRecipeList" classname="APITesting" time="4.775"/>
  <testcase name="negativeTestTastyAPIRecipeHoHeaderKey" classname="APITesting" time="0.611"/>
  <testcase name="positiveTestListSimilarities" classname="APITesting" time="3.472"/>
  <testcase name="negativeTestListSimilaritiesWrongRecipeIDParam" classname="APITesting" time="2.111"/>
  <testcase name="positiveTestTipList" classname="APITesting" time="1.677"/>
  <testcase name="negativeTestTipListWrongParam" classname="APITesting" time="1.075"/>
</testsuite>