<?xml version="1.0" encoding="UTF-8"?>
<!-- Generated by org.testng.reporters.JUnitReportReporter -->
<testsuite hostname="Reinharts-MacBook-Pro.local" failures="0" tests="9" name="APITesting" time="18.573" errors="0" timestamp="10 Apr 2023 12:21:21 GMT" skipped="0">
  <testcase classname="APITesting" name="positiveTesttastyAPIAutoComplete" time="3.114"/>
  <testcase classname="APITesting" name="negativeTestTastyAPIAutoCompleteWrongParam" time="1.136"/>
  <testcase classname="APITesting" name="negativeTestTastyAPIAutoCompleteHoHeaderKey" time="0.605"/>
  <testcase classname="APITesting" name="positiveTestTastyAPIRecipeList" time="4.771"/>
  <testcase classname="APITesting" name="negativeTestTastyAPIRecipeHoHeaderKey" time="0.614"/>
  <testcase classname="APITesting" name="positiveTestListSimilarities" time="3.451"/>
  <testcase classname="APITesting" name="negativeTestListSimilaritiesWrongRecipeIDParam" time="2.131"/>
  <testcase classname="APITesting" name="positiveTestTipList" time="1.676"/>
  <testcase classname="APITesting" name="negativeTestTipListWrongParam" time="1.075"/>
</testsuite> <!-- APITesting -->
